This is pdfTeX, Version 3.141592653-2.6-1.40.24 (TeX Live 2022/Debian) (preloaded format=pdflatex 2023.12.12)  8 NOV 2025 13:47
entering extended mode
 restricted \write18 enabled.
 %&-line parsing enabled.
**Intro_QG_11-11.tex
(./Intro_QG_11-11.tex
LaTeX2e <2022-11-01> patch level 1
L3 programming layer <2023-01-16>
(/usr/share/texlive/texmf-dist/tex/latex/beamer/beamer.cls
Document Class: beamer 2022/09/13 v3.68 A class for typesetting presentations
(/usr/share/texlive/texmf-dist/tex/latex/beamer/beamerbasemodes.sty
(/usr/share/texlive/texmf-dist/tex/latex/etoolbox/etoolbox.sty
Package: etoolbox 2020/10/05 v2.5k e-TeX tools for LaTeX (JAW)
\etb@tempcnta=\count185
)
\beamer@tempbox=\box51
\beamer@tempcount=\count186
\c@beamerpauses=\count187

(/usr/share/texlive/texmf-dist/tex/latex/beamer/beamerbasedecode.sty
\beamer@slideinframe=\count188
\beamer@minimum=\count189
\beamer@decode@box=\box52
)
\beamer@commentbox=\box53
\beamer@modecount=\count190
)
(/usr/share/texlive/texmf-dist/tex/generic/iftex/iftex.sty
Package: iftex 2022/02/03 v1.0f TeX engine tests
)
\headdp=\dimen140
\footheight=\dimen141
\sidebarheight=\dimen142
\beamer@tempdim=\dimen143
\beamer@finalheight=\dimen144
\beamer@animht=\dimen145
\beamer@animdp=\dimen146
\beamer@animwd=\dimen147
\beamer@leftmargin=\dimen148
\beamer@rightmargin=\dimen149
\beamer@leftsidebar=\dimen150
\beamer@rightsidebar=\dimen151
\beamer@boxsize=\dimen152
\beamer@vboxoffset=\dimen153
\beamer@descdefault=\dimen154
\beamer@descriptionwidth=\dimen155
\beamer@lastskip=\skip48
\beamer@areabox=\box54
\beamer@animcurrent=\box55
\beamer@animshowbox=\box56
\beamer@sectionbox=\box57
\beamer@logobox=\box58
\beamer@linebox=\box59
\beamer@sectioncount=\count191
\beamer@subsubsectionmax=\count192
\beamer@subsectionmax=\count193
\beamer@sectionmax=\count194
\beamer@totalheads=\count195
\beamer@headcounter=\count196
\beamer@partstartpage=\count197
\beamer@sectionstartpage=\count198
\beamer@subsectionstartpage=\count199
\beamer@animationtempa=\count266
\beamer@animationtempb=\count267
\beamer@xpos=\count268
\beamer@ypos=\count269
\beamer@ypos@offset=\count270
\beamer@showpartnumber=\count271
\beamer@currentsubsection=\count272
\beamer@coveringdepth=\count273
\beamer@sectionadjust=\count274
\beamer@toclastsection=\count275
\beamer@tocsectionnumber=\count276

(/usr/share/texlive/texmf-dist/tex/latex/beamer/beamerbaseoptions.sty
(/usr/share/texlive/texmf-dist/tex/latex/graphics/keyval.sty
Package: keyval 2022/05/29 v1.15 key=value parser (DPC)
\KV@toks@=\toks16
))
\beamer@paperwidth=\skip49
\beamer@paperheight=\skip50

(/usr/share/texlive/texmf-dist/tex/latex/geometry/geometry.sty
Package: geometry 2020/01/02 v5.9 Page Geometry

(/usr/share/texlive/texmf-dist/tex/generic/iftex/ifvtex.sty
Package: ifvtex 2019/10/25 v1.7 ifvtex legacy package. Use iftex instead.
)
\Gm@cnth=\count277
\Gm@cntv=\count278
\c@Gm@tempcnt=\count279
\Gm@bindingoffset=\dimen156
\Gm@wd@mp=\dimen157
\Gm@odd@mp=\dimen158
\Gm@even@mp=\dimen159
\Gm@layoutwidth=\dimen160
\Gm@layoutheight=\dimen161
\Gm@layouthoffset=\dimen162
\Gm@layoutvoffset=\dimen163
\Gm@dimlist=\toks17
)
(/usr/share/texlive/texmf-dist/tex/latex/pgf/math/pgfmath.sty
(/usr/share/texlive/texmf-dist/tex/latex/pgf/utilities/pgfrcs.sty
(/usr/share/texlive/texmf-dist/tex/generic/pgf/utilities/pgfutil-common.tex
\pgfutil@everybye=\toks18
\pgfutil@tempdima=\dimen164
\pgfutil@tempdimb=\dimen165
)
(/usr/share/texlive/texmf-dist/tex/generic/pgf/utilities/pgfutil-latex.def
\pgfutil@abb=\box60
)
(/usr/share/texlive/texmf-dist/tex/generic/pgf/utilities/pgfrcs.code.tex
(/usr/share/texlive/texmf-dist/tex/generic/pgf/pgf.revision.tex)
Package: pgfrcs 2023-01-15 v3.1.10 (3.1.10)
))
(/usr/share/texlive/texmf-dist/tex/latex/pgf/utilities/pgfkeys.sty
(/usr/share/texlive/texmf-dist/tex/generic/pgf/utilities/pgfkeys.code.tex
\pgfkeys@pathtoks=\toks19
\pgfkeys@temptoks=\toks20

(/usr/share/texlive/texmf-dist/tex/generic/pgf/utilities/pgfkeyslibraryfiltered
.code.tex
\pgfkeys@tmptoks=\toks21
)))
(/usr/share/texlive/texmf-dist/tex/generic/pgf/math/pgfmath.code.tex
(/usr/share/texlive/texmf-dist/tex/generic/pgf/math/pgfmathutil.code.tex
\pgf@x=\dimen166
\pgf@xa=\dimen167
\pgf@xb=\dimen168
\pgf@xc=\dimen169
\pgf@y=\dimen170
\pgf@ya=\dimen171
\pgf@yb=\dimen172
\pgf@yc=\dimen173
\c@pgf@counta=\count280
\c@pgf@countb=\count281
\c@pgf@countc=\count282
\c@pgf@countd=\count283
)
(/usr/share/texlive/texmf-dist/tex/generic/pgf/math/pgfmathparser.code.tex
\pgfmath@dimen=\dimen174
\pgfmath@count=\count284
\pgfmath@box=\box61
\pgfmath@toks=\toks22
\pgfmath@stack@operand=\toks23
\pgfmath@stack@operation=\toks24
)
(/usr/share/texlive/texmf-dist/tex/generic/pgf/math/pgfmathfunctions.code.tex)
(/usr/share/texlive/texmf-dist/tex/generic/pgf/math/pgfmathfunctions.basic.code
.tex)
(/usr/share/texlive/texmf-dist/tex/generic/pgf/math/pgfmathfunctions.trigonomet
ric.code.tex)
(/usr/share/texlive/texmf-dist/tex/generic/pgf/math/pgfmathfunctions.random.cod
e.tex)
(/usr/share/texlive/texmf-dist/tex/generic/pgf/math/pgfmathfunctions.comparison
.code.tex)
(/usr/share/texlive/texmf-dist/tex/generic/pgf/math/pgfmathfunctions.base.code.
tex)
(/usr/share/texlive/texmf-dist/tex/generic/pgf/math/pgfmathfunctions.round.code
.tex)
(/usr/share/texlive/texmf-dist/tex/generic/pgf/math/pgfmathfunctions.misc.code.
tex)
(/usr/share/texlive/texmf-dist/tex/generic/pgf/math/pgfmathfunctions.integerari
thmetics.code.tex)
(/usr/share/texlive/texmf-dist/tex/generic/pgf/math/pgfmathcalc.code.tex)
(/usr/share/texlive/texmf-dist/tex/generic/pgf/math/pgfmathfloat.code.tex
\c@pgfmathroundto@lastzeros=\count285
)))
(/usr/share/texlive/texmf-dist/tex/latex/base/size11.clo
File: size11.clo 2022/07/02 v1.4n Standard LaTeX file (size option)
)
(/usr/share/texlive/texmf-dist/tex/latex/pgf/basiclayer/pgfcore.sty
(/usr/share/texlive/texmf-dist/tex/latex/graphics/graphicx.sty
Package: graphicx 2021/09/16 v1.2d Enhanced LaTeX Graphics (DPC,SPQR)

(/usr/share/texlive/texmf-dist/tex/latex/graphics/graphics.sty
Package: graphics 2022/03/10 v1.4e Standard LaTeX Graphics (DPC,SPQR)

(/usr/share/texlive/texmf-dist/tex/latex/graphics/trig.sty
Package: trig 2021/08/11 v1.11 sin cos tan (DPC)
)
(/usr/share/texlive/texmf-dist/tex/latex/graphics-cfg/graphics.cfg
File: graphics.cfg 2016/06/04 v1.11 sample graphics configuration
)
Package graphics Info: Driver file: pdftex.def on input line 107.

(/usr/share/texlive/texmf-dist/tex/latex/graphics-def/pdftex.def
File: pdftex.def 2022/09/22 v1.2b Graphics/color driver for pdftex
))
\Gin@req@height=\dimen175
\Gin@req@width=\dimen176
)
(/usr/share/texlive/texmf-dist/tex/latex/pgf/systemlayer/pgfsys.sty
(/usr/share/texlive/texmf-dist/tex/generic/pgf/systemlayer/pgfsys.code.tex
Package: pgfsys 2023-01-15 v3.1.10 (3.1.10)
\pgf@x=\dimen177
\pgf@y=\dimen178
\pgf@xa=\dimen179
\pgf@ya=\dimen180
\pgf@xb=\dimen181
\pgf@yb=\dimen182
\pgf@xc=\dimen183
\pgf@yc=\dimen184
\pgf@xd=\dimen185
\pgf@yd=\dimen186
\w@pgf@writea=\write3
\r@pgf@reada=\read2
\c@pgf@counta=\count286
\c@pgf@countb=\count287
\c@pgf@countc=\count288
\c@pgf@countd=\count289
\t@pgf@toka=\toks25
\t@pgf@tokb=\toks26
\t@pgf@tokc=\toks27
\pgf@sys@id@count=\count290

(/usr/share/texlive/texmf-dist/tex/generic/pgf/systemlayer/pgf.cfg
File: pgf.cfg 2023-01-15 v3.1.10 (3.1.10)
)
Driver file for pgf: pgfsys-pdftex.def

(/usr/share/texlive/texmf-dist/tex/generic/pgf/systemlayer/pgfsys-pdftex.def
File: pgfsys-pdftex.def 2023-01-15 v3.1.10 (3.1.10)

(/usr/share/texlive/texmf-dist/tex/generic/pgf/systemlayer/pgfsys-common-pdf.de
f
File: pgfsys-common-pdf.def 2023-01-15 v3.1.10 (3.1.10)
)))
(/usr/share/texlive/texmf-dist/tex/generic/pgf/systemlayer/pgfsyssoftpath.code.
tex
File: pgfsyssoftpath.code.tex 2023-01-15 v3.1.10 (3.1.10)
\pgfsyssoftpath@smallbuffer@items=\count291
\pgfsyssoftpath@bigbuffer@items=\count292
)
(/usr/share/texlive/texmf-dist/tex/generic/pgf/systemlayer/pgfsysprotocol.code.
tex
File: pgfsysprotocol.code.tex 2023-01-15 v3.1.10 (3.1.10)
)) (/usr/share/texlive/texmf-dist/tex/latex/xcolor/xcolor.sty
Package: xcolor 2022/06/12 v2.14 LaTeX color extensions (UK)

(/usr/share/texlive/texmf-dist/tex/latex/graphics-cfg/color.cfg
File: color.cfg 2016/01/02 v1.6 sample color configuration
)
Package xcolor Info: Driver file: pdftex.def on input line 227.

(/usr/share/texlive/texmf-dist/tex/latex/graphics/mathcolor.ltx)
Package xcolor Info: Model `cmy' substituted by `cmy0' on input line 1353.
Package xcolor Info: Model `hsb' substituted by `rgb' on input line 1357.
Package xcolor Info: Model `RGB' extended on input line 1369.
Package xcolor Info: Model `HTML' substituted by `rgb' on input line 1371.
Package xcolor Info: Model `Hsb' substituted by `hsb' on input line 1372.
Package xcolor Info: Model `tHsb' substituted by `hsb' on input line 1373.
Package xcolor Info: Model `HSB' substituted by `hsb' on input line 1374.
Package xcolor Info: Model `Gray' substituted by `gray' on input line 1375.
Package xcolor Info: Model `wave' substituted by `hsb' on input line 1376.
)
(/usr/share/texlive/texmf-dist/tex/generic/pgf/basiclayer/pgfcore.code.tex
Package: pgfcore 2023-01-15 v3.1.10 (3.1.10)

(/usr/share/texlive/texmf-dist/tex/generic/pgf/math/pgfint.code.tex)
(/usr/share/texlive/texmf-dist/tex/generic/pgf/basiclayer/pgfcorepoints.code.te
x
File: pgfcorepoints.code.tex 2023-01-15 v3.1.10 (3.1.10)
\pgf@picminx=\dimen187
\pgf@picmaxx=\dimen188
\pgf@picminy=\dimen189
\pgf@picmaxy=\dimen190
\pgf@pathminx=\dimen191
\pgf@pathmaxx=\dimen192
\pgf@pathminy=\dimen193
\pgf@pathmaxy=\dimen194
\pgf@xx=\dimen195
\pgf@xy=\dimen196
\pgf@yx=\dimen197
\pgf@yy=\dimen198
\pgf@zx=\dimen199
\pgf@zy=\dimen256
)
(/usr/share/texlive/texmf-dist/tex/generic/pgf/basiclayer/pgfcorepathconstruct.
code.tex
File: pgfcorepathconstruct.code.tex 2023-01-15 v3.1.10 (3.1.10)
\pgf@path@lastx=\dimen257
\pgf@path@lasty=\dimen258
)
(/usr/share/texlive/texmf-dist/tex/generic/pgf/basiclayer/pgfcorepathusage.code
.tex
File: pgfcorepathusage.code.tex 2023-01-15 v3.1.10 (3.1.10)
\pgf@shorten@end@additional=\dimen259
\pgf@shorten@start@additional=\dimen260
)
(/usr/share/texlive/texmf-dist/tex/generic/pgf/basiclayer/pgfcorescopes.code.te
x
File: pgfcorescopes.code.tex 2023-01-15 v3.1.10 (3.1.10)
\pgfpic=\box62
\pgf@hbox=\box63
\pgf@layerbox@main=\box64
\pgf@picture@serial@count=\count293
)
(/usr/share/texlive/texmf-dist/tex/generic/pgf/basiclayer/pgfcoregraphicstate.c
ode.tex
File: pgfcoregraphicstate.code.tex 2023-01-15 v3.1.10 (3.1.10)
\pgflinewidth=\dimen261
)
(/usr/share/texlive/texmf-dist/tex/generic/pgf/basiclayer/pgfcoretransformation
s.code.tex
File: pgfcoretransformations.code.tex 2023-01-15 v3.1.10 (3.1.10)
\pgf@pt@x=\dimen262
\pgf@pt@y=\dimen263
\pgf@pt@temp=\dimen264
)
(/usr/share/texlive/texmf-dist/tex/generic/pgf/basiclayer/pgfcorequick.code.tex
File: pgfcorequick.code.tex 2023-01-15 v3.1.10 (3.1.10)
)
(/usr/share/texlive/texmf-dist/tex/generic/pgf/basiclayer/pgfcoreobjects.code.t
ex
File: pgfcoreobjects.code.tex 2023-01-15 v3.1.10 (3.1.10)
)
(/usr/share/texlive/texmf-dist/tex/generic/pgf/basiclayer/pgfcorepathprocessing
.code.tex
File: pgfcorepathprocessing.code.tex 2023-01-15 v3.1.10 (3.1.10)
)
(/usr/share/texlive/texmf-dist/tex/generic/pgf/basiclayer/pgfcorearrows.code.te
x
File: pgfcorearrows.code.tex 2023-01-15 v3.1.10 (3.1.10)
\pgfarrowsep=\dimen265
)
(/usr/share/texlive/texmf-dist/tex/generic/pgf/basiclayer/pgfcoreshade.code.tex
File: pgfcoreshade.code.tex 2023-01-15 v3.1.10 (3.1.10)
\pgf@max=\dimen266
\pgf@sys@shading@range@num=\count294
\pgf@shadingcount=\count295
)
(/usr/share/texlive/texmf-dist/tex/generic/pgf/basiclayer/pgfcoreimage.code.tex
File: pgfcoreimage.code.tex 2023-01-15 v3.1.10 (3.1.10)
)
(/usr/share/texlive/texmf-dist/tex/generic/pgf/basiclayer/pgfcoreexternal.code.
tex
File: pgfcoreexternal.code.tex 2023-01-15 v3.1.10 (3.1.10)
\pgfexternal@startupbox=\box65
)
(/usr/share/texlive/texmf-dist/tex/generic/pgf/basiclayer/pgfcorelayers.code.te
x
File: pgfcorelayers.code.tex 2023-01-15 v3.1.10 (3.1.10)
)
(/usr/share/texlive/texmf-dist/tex/generic/pgf/basiclayer/pgfcoretransparency.c
ode.tex
File: pgfcoretransparency.code.tex 2023-01-15 v3.1.10 (3.1.10)
)
(/usr/share/texlive/texmf-dist/tex/generic/pgf/basiclayer/pgfcorepatterns.code.
tex
File: pgfcorepatterns.code.tex 2023-01-15 v3.1.10 (3.1.10)
)
(/usr/share/texlive/texmf-dist/tex/generic/pgf/basiclayer/pgfcorerdf.code.tex
File: pgfcorerdf.code.tex 2023-01-15 v3.1.10 (3.1.10)
))) (/usr/share/texlive/texmf-dist/tex/latex/pgf/utilities/xxcolor.sty
Package: xxcolor 2003/10/24 ver 0.1
\XC@nummixins=\count296
\XC@countmixins=\count297
)
(/usr/share/texlive/texmf-dist/tex/latex/base/atbegshi-ltx.sty
Package: atbegshi-ltx 2021/01/10 v1.0c Emulation of the original atbegshi
package with kernel methods
)
(/usr/share/texlive/texmf-dist/tex/latex/hyperref/hyperref.sty
Package: hyperref 2022-11-13 v7.00u Hypertext links for LaTeX

(/usr/share/texlive/texmf-dist/tex/generic/ltxcmds/ltxcmds.sty
Package: ltxcmds 2020-05-10 v1.25 LaTeX kernel commands for general use (HO)
)
(/usr/share/texlive/texmf-dist/tex/generic/pdftexcmds/pdftexcmds.sty
Package: pdftexcmds 2020-06-27 v0.33 Utility functions of pdfTeX for LuaTeX (HO
)

(/usr/share/texlive/texmf-dist/tex/generic/infwarerr/infwarerr.sty
Package: infwarerr 2019/12/03 v1.5 Providing info/warning/error messages (HO)
)
Package pdftexcmds Info: \pdf@primitive is available.
Package pdftexcmds Info: \pdf@ifprimitive is available.
Package pdftexcmds Info: \pdfdraftmode found.
)
(/usr/share/texlive/texmf-dist/tex/latex/kvsetkeys/kvsetkeys.sty
Package: kvsetkeys 2022-10-05 v1.19 Key value parser (HO)
)
(/usr/share/texlive/texmf-dist/tex/generic/kvdefinekeys/kvdefinekeys.sty
Package: kvdefinekeys 2019-12-19 v1.6 Define keys (HO)
)
(/usr/share/texlive/texmf-dist/tex/generic/pdfescape/pdfescape.sty
Package: pdfescape 2019/12/09 v1.15 Implements pdfTeX's escape features (HO)
)
(/usr/share/texlive/texmf-dist/tex/latex/hycolor/hycolor.sty
Package: hycolor 2020-01-27 v1.10 Color options for hyperref/bookmark (HO)
)
(/usr/share/texlive/texmf-dist/tex/latex/letltxmacro/letltxmacro.sty
Package: letltxmacro 2019/12/03 v1.6 Let assignment for LaTeX macros (HO)
)
(/usr/share/texlive/texmf-dist/tex/latex/auxhook/auxhook.sty
Package: auxhook 2019-12-17 v1.6 Hooks for auxiliary files (HO)
)
(/usr/share/texlive/texmf-dist/tex/latex/hyperref/nameref.sty
Package: nameref 2022-05-17 v2.50 Cross-referencing by name of section

(/usr/share/texlive/texmf-dist/tex/latex/refcount/refcount.sty
Package: refcount 2019/12/15 v3.6 Data extraction from label references (HO)
)
(/usr/share/texlive/texmf-dist/tex/generic/gettitlestring/gettitlestring.sty
Package: gettitlestring 2019/12/15 v1.6 Cleanup title references (HO)

(/usr/share/texlive/texmf-dist/tex/latex/kvoptions/kvoptions.sty
Package: kvoptions 2022-06-15 v3.15 Key value format for package options (HO)
))
\c@section@level=\count298
)
\@linkdim=\dimen267
\Hy@linkcounter=\count299
\Hy@pagecounter=\count300

(/usr/share/texlive/texmf-dist/tex/latex/hyperref/pd1enc.def
File: pd1enc.def 2022-11-13 v7.00u Hyperref: PDFDocEncoding definition (HO)
Now handling font encoding PD1 ...
... no UTF-8 mapping file for font encoding PD1
)
(/usr/share/texlive/texmf-dist/tex/generic/intcalc/intcalc.sty
Package: intcalc 2019/12/15 v1.3 Expandable calculations with integers (HO)
)
(/usr/share/texlive/texmf-dist/tex/generic/etexcmds/etexcmds.sty
Package: etexcmds 2019/12/15 v1.7 Avoid name clashes with e-TeX commands (HO)
)
\Hy@SavedSpaceFactor=\count301

(/usr/share/texlive/texmf-dist/tex/latex/hyperref/puenc.def
File: puenc.def 2022-11-13 v7.00u Hyperref: PDF Unicode definition (HO)
Now handling font encoding PU ...
... no UTF-8 mapping file for font encoding PU
)
Package hyperref Info: Option `bookmarks' set `true' on input line 4045.
Package hyperref Info: Option `bookmarksopen' set `true' on input line 4045.
Package hyperref Info: Option `implicit' set `false' on input line 4045.
Package hyperref Info: Hyper figures OFF on input line 4162.
Package hyperref Info: Link nesting OFF on input line 4167.
Package hyperref Info: Hyper index ON on input line 4170.
Package hyperref Info: Plain pages OFF on input line 4177.
Package hyperref Info: Backreferencing OFF on input line 4182.
Package hyperref Info: Implicit mode OFF; no redefinition of LaTeX internals.
Package hyperref Info: Bookmarks ON on input line 4410.
\c@Hy@tempcnt=\count302

(/usr/share/texlive/texmf-dist/tex/latex/url/url.sty
\Urlmuskip=\muskip16
Package: url 2013/09/16  ver 3.4  Verb mode for urls, etc.
)
LaTeX Info: Redefining \url on input line 4748.
\XeTeXLinkMargin=\dimen268

(/usr/share/texlive/texmf-dist/tex/generic/bitset/bitset.sty
Package: bitset 2019/12/09 v1.3 Handle bit-vector datatype (HO)

(/usr/share/texlive/texmf-dist/tex/generic/bigintcalc/bigintcalc.sty
Package: bigintcalc 2019/12/15 v1.5 Expandable calculations on big integers (HO
)
))
\Fld@menulength=\count303
\Field@Width=\dimen269
\Fld@charsize=\dimen270
Package hyperref Info: Hyper figures OFF on input line 6027.
Package hyperref Info: Link nesting OFF on input line 6032.
Package hyperref Info: Hyper index ON on input line 6035.
Package hyperref Info: backreferencing OFF on input line 6042.
Package hyperref Info: Link coloring OFF on input line 6047.
Package hyperref Info: Link coloring with OCG OFF on input line 6052.
Package hyperref Info: PDF/A mode OFF on input line 6057.
\Hy@abspage=\count304


Package hyperref Message: Stopped early.

)
Package hyperref Info: Driver (autodetected): hpdftex.
 (/usr/share/texlive/texmf-dist/tex/latex/hyperref/hpdftex.def
File: hpdftex.def 2022-11-13 v7.00u Hyperref driver for pdfTeX

(/usr/share/texlive/texmf-dist/tex/latex/base/atveryend-ltx.sty
Package: atveryend-ltx 2020/08/19 v1.0a Emulation of the original atveryend pac
kage
with kernel methods
)
\Fld@listcount=\count305
\c@bookmark@seq@number=\count306

(/usr/share/texlive/texmf-dist/tex/latex/rerunfilecheck/rerunfilecheck.sty
Package: rerunfilecheck 2022-07-10 v1.10 Rerun checks for auxiliary files (HO)

(/usr/share/texlive/texmf-dist/tex/generic/uniquecounter/uniquecounter.sty
Package: uniquecounter 2019/12/15 v1.4 Provide unlimited unique counter (HO)
)
Package uniquecounter Info: New unique counter `rerunfilecheck' on input line 2
85.
))
(/usr/share/texlive/texmf-dist/tex/latex/beamer/beamerbaserequires.sty
(/usr/share/texlive/texmf-dist/tex/latex/beamer/beamerbasecompatibility.sty)
(/usr/share/texlive/texmf-dist/tex/latex/beamer/beamerbasefont.sty
(/usr/share/texlive/texmf-dist/tex/latex/amsfonts/amssymb.sty
Package: amssymb 2013/01/14 v3.01 AMS font symbols

(/usr/share/texlive/texmf-dist/tex/latex/amsfonts/amsfonts.sty
Package: amsfonts 2013/01/14 v3.01 Basic AMSFonts support
\@emptytoks=\toks28
\symAMSa=\mathgroup4
\symAMSb=\mathgroup5
LaTeX Font Info:    Redeclaring math symbol \hbar on input line 98.
LaTeX Font Info:    Overwriting math alphabet `\mathfrak' in version `bold'
(Font)                  U/euf/m/n --> U/euf/b/n on input line 106.
))
(/usr/share/texlive/texmf-dist/tex/latex/sansmathaccent/sansmathaccent.sty
Package: sansmathaccent 2020/01/31

(/usr/share/texlive/texmf-dist/tex/latex/koma-script/scrlfile.sty
Package: scrlfile 2022/10/12 v3.38 KOMA-Script package (file load hooks)

(/usr/share/texlive/texmf-dist/tex/latex/koma-script/scrlfile-hook.sty
Package: scrlfile-hook 2022/10/12 v3.38 KOMA-Script package (using LaTeX hooks)


(/usr/share/texlive/texmf-dist/tex/latex/koma-script/scrlogo.sty
Package: scrlogo 2022/10/12 v3.38 KOMA-Script package (logo)
)))))
(/usr/share/texlive/texmf-dist/tex/latex/beamer/beamerbasetranslator.sty
(/usr/share/texlive/texmf-dist/tex/latex/translator/translator.sty
Package: translator 2021-05-31 v1.12d Easy translation of strings in LaTeX
))
(/usr/share/texlive/texmf-dist/tex/latex/beamer/beamerbasemisc.sty)
(/usr/share/texlive/texmf-dist/tex/latex/beamer/beamerbasetwoscreens.sty)
(/usr/share/texlive/texmf-dist/tex/latex/beamer/beamerbaseoverlay.sty
\beamer@argscount=\count307
\beamer@lastskipcover=\skip51
\beamer@trivlistdepth=\count308
)
(/usr/share/texlive/texmf-dist/tex/latex/beamer/beamerbasetitle.sty)
(/usr/share/texlive/texmf-dist/tex/latex/beamer/beamerbasesection.sty
\c@lecture=\count309
\c@part=\count310
\c@section=\count311
\c@subsection=\count312
\c@subsubsection=\count313
)
(/usr/share/texlive/texmf-dist/tex/latex/beamer/beamerbaseframe.sty
\beamer@framebox=\box66
\beamer@frametitlebox=\box67
\beamer@zoombox=\box68
\beamer@zoomcount=\count314
\beamer@zoomframecount=\count315
\beamer@frametextheight=\dimen271
\c@subsectionslide=\count316
\beamer@frametopskip=\skip52
\beamer@framebottomskip=\skip53
\beamer@frametopskipautobreak=\skip54
\beamer@framebottomskipautobreak=\skip55
\beamer@envbody=\toks29
\framewidth=\dimen272
\c@framenumber=\count317
)
(/usr/share/texlive/texmf-dist/tex/latex/beamer/beamerbaseverbatim.sty
\beamer@verbatimfileout=\write4
)
(/usr/share/texlive/texmf-dist/tex/latex/beamer/beamerbaseframesize.sty
\beamer@splitbox=\box69
\beamer@autobreakcount=\count318
\beamer@autobreaklastheight=\dimen273
\beamer@frametitletoks=\toks30
\beamer@framesubtitletoks=\toks31
)
(/usr/share/texlive/texmf-dist/tex/latex/beamer/beamerbaseframecomponents.sty
\beamer@footins=\box70
)
(/usr/share/texlive/texmf-dist/tex/latex/beamer/beamerbasecolor.sty)
(/usr/share/texlive/texmf-dist/tex/latex/beamer/beamerbasenotes.sty
\beamer@frameboxcopy=\box71
)
(/usr/share/texlive/texmf-dist/tex/latex/beamer/beamerbasetoc.sty)
(/usr/share/texlive/texmf-dist/tex/latex/beamer/beamerbasetemplates.sty
\beamer@sbttoks=\toks32

(/usr/share/texlive/texmf-dist/tex/latex/beamer/beamerbaseauxtemplates.sty
(/usr/share/texlive/texmf-dist/tex/latex/beamer/beamerbaseboxes.sty
\bmb@box=\box72
\bmb@colorbox=\box73
\bmb@boxwidth=\dimen274
\bmb@boxheight=\dimen275
\bmb@prevheight=\dimen276
\bmb@temp=\dimen277
\bmb@dima=\dimen278
\bmb@dimb=\dimen279
\bmb@prevheight=\dimen280
)
\beamer@blockheadheight=\dimen281
))
(/usr/share/texlive/texmf-dist/tex/latex/beamer/beamerbaselocalstructure.sty
(/usr/share/texlive/texmf-dist/tex/latex/tools/enumerate.sty
Package: enumerate 2015/07/23 v3.00 enumerate extensions (DPC)
\@enLab=\toks33
)
\beamer@bibiconwidth=\skip56
\c@figure=\count319
\c@table=\count320
\abovecaptionskip=\skip57
\belowcaptionskip=\skip58
)
(/usr/share/texlive/texmf-dist/tex/latex/beamer/beamerbasenavigation.sty
\beamer@section@min@dim=\dimen282
)
(/usr/share/texlive/texmf-dist/tex/latex/beamer/beamerbasetheorems.sty
(/usr/share/texlive/texmf-dist/tex/latex/amsmath/amsmath.sty
Package: amsmath 2022/04/08 v2.17n AMS math features
\@mathmargin=\skip59

For additional information on amsmath, use the `?' option.
(/usr/share/texlive/texmf-dist/tex/latex/amsmath/amstext.sty
Package: amstext 2021/08/26 v2.01 AMS text

(/usr/share/texlive/texmf-dist/tex/latex/amsmath/amsgen.sty
File: amsgen.sty 1999/11/30 v2.0 generic functions
\@emptytoks=\toks34
\ex@=\dimen283
))
(/usr/share/texlive/texmf-dist/tex/latex/amsmath/amsbsy.sty
Package: amsbsy 1999/11/29 v1.2d Bold Symbols
\pmbraise@=\dimen284
)
(/usr/share/texlive/texmf-dist/tex/latex/amsmath/amsopn.sty
Package: amsopn 2022/04/08 v2.04 operator names
)
\inf@bad=\count321
LaTeX Info: Redefining \frac on input line 234.
\uproot@=\count322
\leftroot@=\count323
LaTeX Info: Redefining \overline on input line 399.
LaTeX Info: Redefining \colon on input line 410.
\classnum@=\count324
\DOTSCASE@=\count325
LaTeX Info: Redefining \ldots on input line 496.
LaTeX Info: Redefining \dots on input line 499.
LaTeX Info: Redefining \cdots on input line 620.
\Mathstrutbox@=\box74
\strutbox@=\box75
LaTeX Info: Redefining \big on input line 722.
LaTeX Info: Redefining \Big on input line 723.
LaTeX Info: Redefining \bigg on input line 724.
LaTeX Info: Redefining \Bigg on input line 725.
\big@size=\dimen285
LaTeX Font Info:    Redeclaring font encoding OML on input line 743.
LaTeX Font Info:    Redeclaring font encoding OMS on input line 744.
\macc@depth=\count326
LaTeX Info: Redefining \bmod on input line 905.
LaTeX Info: Redefining \pmod on input line 910.
LaTeX Info: Redefining \smash on input line 940.
LaTeX Info: Redefining \relbar on input line 970.
LaTeX Info: Redefining \Relbar on input line 971.
\c@MaxMatrixCols=\count327
\dotsspace@=\muskip17
\c@parentequation=\count328
\dspbrk@lvl=\count329
\tag@help=\toks35
\row@=\count330
\column@=\count331
\maxfields@=\count332
\andhelp@=\toks36
\eqnshift@=\dimen286
\alignsep@=\dimen287
\tagshift@=\dimen288
\tagwidth@=\dimen289
\totwidth@=\dimen290
\lineht@=\dimen291
\@envbody=\toks37
\multlinegap=\skip60
\multlinetaggap=\skip61
\mathdisplay@stack=\toks38
LaTeX Info: Redefining \[ on input line 2953.
LaTeX Info: Redefining \] on input line 2954.
)
(/usr/share/texlive/texmf-dist/tex/latex/amscls/amsthm.sty
Package: amsthm 2020/05/29 v2.20.6
\thm@style=\toks39
\thm@bodyfont=\toks40
\thm@headfont=\toks41
\thm@notefont=\toks42
\thm@headpunct=\toks43
\thm@preskip=\skip62
\thm@postskip=\skip63
\thm@headsep=\skip64
\dth@everypar=\toks44
)
\c@theorem=\count333
)
(/usr/share/texlive/texmf-dist/tex/latex/beamer/beamerbasethemes.sty))
(/usr/share/texlive/texmf-dist/tex/latex/beamer/beamerthemedefault.sty
(/usr/share/texlive/texmf-dist/tex/latex/beamer/beamerfontthemedefault.sty)
(/usr/share/texlive/texmf-dist/tex/latex/beamer/beamercolorthemedefault.sty)
(/usr/share/texlive/texmf-dist/tex/latex/beamer/beamerinnerthemedefault.sty
\beamer@dima=\dimen292
\beamer@dimb=\dimen293
)
(/usr/share/texlive/texmf-dist/tex/latex/beamer/beamerouterthemedefault.sty)))
Package hyperref Info: Option `colorlinks' set `true' on input line 5.
\sympureletters=\mathgroup6
LaTeX Font Info:    Overwriting symbol font `pureletters' in version `bold'
(Font)                  OT1/mathkerncmss/m/sl --> OT1/mathkerncmss/bx/sl on inp
ut line 8.

(/usr/share/texlive/texmf-dist/tex/latex/tools/bm.sty
Package: bm 2022/01/05 v1.2f Bold Symbol Support (DPC/FMi)
\symboldoperators=\mathgroup7
\symboldletters=\mathgroup8
\symboldsymbols=\mathgroup9
Package bm Info: No bold for \OMX/cmex/m/n, using \pmb.
Package bm Info: No bold for \U/msa/m/n, using \pmb.
Package bm Info: No bold for \U/msb/m/n, using \pmb.
\symboldpureletters=\mathgroup10
LaTeX Font Info:    Redeclaring math alphabet \mathbf on input line 149.
)
(/usr/share/texlive/texmf-dist/tex/latex/multirow/multirow.sty
Package: multirow 2021/03/15 v2.8 Span multiple rows of a table
\multirow@colwidth=\skip65
\multirow@cntb=\count334
\multirow@dima=\skip66
\bigstrutjot=\dimen294
)
(/usr/share/texlive/texmf-dist/tex/latex/pgf/frontendlayer/tikz.sty
(/usr/share/texlive/texmf-dist/tex/latex/pgf/basiclayer/pgf.sty
Package: pgf 2023-01-15 v3.1.10 (3.1.10)

(/usr/share/texlive/texmf-dist/tex/generic/pgf/modules/pgfmoduleshapes.code.tex
File: pgfmoduleshapes.code.tex 2023-01-15 v3.1.10 (3.1.10)
\pgfnodeparttextbox=\box76
) (/usr/share/texlive/texmf-dist/tex/generic/pgf/modules/pgfmoduleplot.code.tex
File: pgfmoduleplot.code.tex 2023-01-15 v3.1.10 (3.1.10)
)
(/usr/share/texlive/texmf-dist/tex/latex/pgf/compatibility/pgfcomp-version-0-65
.sty
Package: pgfcomp-version-0-65 2023-01-15 v3.1.10 (3.1.10)
\pgf@nodesepstart=\dimen295
\pgf@nodesepend=\dimen296
)
(/usr/share/texlive/texmf-dist/tex/latex/pgf/compatibility/pgfcomp-version-1-18
.sty
Package: pgfcomp-version-1-18 2023-01-15 v3.1.10 (3.1.10)
)) (/usr/share/texlive/texmf-dist/tex/latex/pgf/utilities/pgffor.sty
(/usr/share/texlive/texmf-dist/tex/generic/pgf/utilities/pgffor.code.tex
Package: pgffor 2023-01-15 v3.1.10 (3.1.10)
\pgffor@iter=\dimen297
\pgffor@skip=\dimen298
\pgffor@stack=\toks45
\pgffor@toks=\toks46
))
(/usr/share/texlive/texmf-dist/tex/generic/pgf/frontendlayer/tikz/tikz.code.tex
Package: tikz 2023-01-15 v3.1.10 (3.1.10)

(/usr/share/texlive/texmf-dist/tex/generic/pgf/libraries/pgflibraryplothandlers
.code.tex
File: pgflibraryplothandlers.code.tex 2023-01-15 v3.1.10 (3.1.10)
\pgf@plot@mark@count=\count335
\pgfplotmarksize=\dimen299
)
\tikz@lastx=\dimen300
\tikz@lasty=\dimen301
\tikz@lastxsaved=\dimen302
\tikz@lastysaved=\dimen303
\tikz@lastmovetox=\dimen304
\tikz@lastmovetoy=\dimen305
\tikzleveldistance=\dimen306
\tikzsiblingdistance=\dimen307
\tikz@figbox=\box77
\tikz@figbox@bg=\box78
\tikz@tempbox=\box79
\tikz@tempbox@bg=\box80
\tikztreelevel=\count336
\tikznumberofchildren=\count337
\tikznumberofcurrentchild=\count338
\tikz@fig@count=\count339

(/usr/share/texlive/texmf-dist/tex/generic/pgf/modules/pgfmodulematrix.code.tex
File: pgfmodulematrix.code.tex 2023-01-15 v3.1.10 (3.1.10)
\pgfmatrixcurrentrow=\count340
\pgfmatrixcurrentcolumn=\count341
\pgf@matrix@numberofcolumns=\count342
)
\tikz@expandcount=\count343

(/usr/share/texlive/texmf-dist/tex/generic/pgf/frontendlayer/tikz/libraries/tik
zlibrarytopaths.code.tex
File: tikzlibrarytopaths.code.tex 2023-01-15 v3.1.10 (3.1.10)
)))
(/usr/share/texlive/texmf-dist/tex/generic/babel/babel.sty
Package: babel 2022/12/26 3.84 The Babel package
\babel@savecnt=\count344
\U@D=\dimen308
\l@unhyphenated=\language87

(/usr/share/texlive/texmf-dist/tex/generic/babel/txtbabel.def)
\bbl@readstream=\read3
LaTeX Info: Redefining \textlatin on input line 4072.
\bbl@dirlevel=\count345

(/usr/share/texlive/texmf-dist/tex/generic/babel-english/english.ldf
Language: english 2017/06/06 v3.3r English support from the babel system
Package babel Info: Hyphen rules for 'canadian' set to \l@english
(babel)             (\language0). Reported on input line 102.
Package babel Info: Hyphen rules for 'australian' set to \l@ukenglish
(babel)             (\language69). Reported on input line 105.
Package babel Info: Hyphen rules for 'newzealand' set to \l@ukenglish
(babel)             (\language69). Reported on input line 108.
))
(/usr/share/texlive/texmf-dist/tex/generic/babel/locale/en/babel-english.tex
Package babel Info: Importing font and identification data for english
(babel)             from babel-en.ini. Reported on input line 11.
)
(/usr/share/texlive/texmf-dist/tex/latex/base/fontenc.sty
Package: fontenc 2021/04/29 v2.0v Standard LaTeX package
)
(/usr/share/texlive/texmf-dist/tex/latex/base/inputenc.sty
Package: inputenc 2021/02/14 v1.3d Input encoding file
\inpenc@prehook=\toks47
\inpenc@posthook=\toks48
)
(/usr/share/texlive/texmf-dist/tex/latex/tcolorbox/tcolorbox.sty
Package: tcolorbox 2022/06/24 version 5.1.1 text color boxes

(/usr/share/texlive/texmf-dist/tex/latex/tools/verbatim.sty
Package: verbatim 2022-07-02 v1.5u LaTeX2e package for verbatim enhancements
\every@verbatim=\toks49
\verbatim@line=\toks50
\verbatim@in@stream=\read4
)
(/usr/share/texlive/texmf-dist/tex/latex/environ/environ.sty
Package: environ 2014/05/04 v0.3 A new way to define environments

(/usr/share/texlive/texmf-dist/tex/latex/trimspaces/trimspaces.sty
Package: trimspaces 2009/09/17 v1.1 Trim spaces around a token list
))
\tcb@titlebox=\box81
\tcb@upperbox=\box82
\tcb@lowerbox=\box83
\tcb@phantombox=\box84
\c@tcbbreakpart=\count346
\c@tcblayer=\count347
\c@tcolorbox@number=\count348
\tcb@temp=\box85
\tcb@temp=\box86
\tcb@temp=\box87
\tcb@temp=\box88
)
(/usr/share/texlive/texmf-dist/tex/latex/tools/multicol.sty
Package: multicol 2021/11/30 v1.9d multicolumn formatting (FMi)
\c@tracingmulticols=\count349
\mult@box=\box89
\multicol@leftmargin=\dimen309
\c@unbalance=\count350
\c@collectmore=\count351
\doublecol@number=\count352
\multicoltolerance=\count353
\multicolpretolerance=\count354
\full@width=\dimen310
\page@free=\dimen311
\premulticols=\dimen312
\postmulticols=\dimen313
\multicolsep=\skip67
\multicolbaselineskip=\skip68
\partial@page=\box90
\last@line=\box91
\maxbalancingoverflow=\dimen314
\mult@rightbox=\box92
\mult@grightbox=\box93
\mult@firstbox=\box94
\mult@gfirstbox=\box95
\@tempa=\box96
\@tempa=\box97
\@tempa=\box98
\@tempa=\box99
\@tempa=\box100
\@tempa=\box101
\@tempa=\box102
\@tempa=\box103
\@tempa=\box104
\@tempa=\box105
\@tempa=\box106
\@tempa=\box107
\@tempa=\box108
\@tempa=\box109
\@tempa=\box110
\@tempa=\box111
\@tempa=\box112
\@tempa=\box113
\@tempa=\box114
\@tempa=\box115
\@tempa=\box116
\@tempa=\box117
\@tempa=\box118
\@tempa=\box119
\@tempa=\box120
\@tempa=\box121
\@tempa=\box122
\@tempa=\box123
\@tempa=\box124
\@tempa=\box125
\@tempa=\box126
\@tempa=\box127
\@tempa=\box128
\@tempa=\box129
\@tempa=\box130
\@tempa=\box131
\c@minrows=\count355
\c@columnbadness=\count356
\c@finalcolumnbadness=\count357
\last@try=\dimen315
\multicolovershoot=\dimen316
\multicolundershoot=\dimen317
\mult@nat@firstbox=\box132
\colbreak@box=\box133
\mc@col@check@num=\count358
)
(/usr/share/texlive/texmf-dist/tex/latex/textpos/textpos.sty
Package: textpos 2022/07/23 v1.10.1
Package textpos Info: choosing support for LaTeX3 on input line 60.
\TP@textbox=\box134
\TP@holdbox=\box135
\TPHorizModule=\dimen318
\TPVertModule=\dimen319
\TP@margin=\dimen320
\TP@absmargin=\dimen321

Grid set 16 x 16 = 22.7622pt x 17.07166pt
\TPboxrulesize=\dimen322
\TP@ox=\dimen323
\TP@oy=\dimen324
\TP@tbargs=\toks51
TextBlockOrigin set to 0pt x 0pt
) (/usr/share/texlive/texmf-dist/tex/latex/l3backend/l3backend-pdftex.def
File: l3backend-pdftex.def 2023-01-16 L3 backend support: PDF output (pdfTeX)
\l__color_backend_stack_int=\count359
\l__pdf_internal_box=\box136
)
(./Intro_QG_11-11.aux)
\openout1 = `Intro_QG_11-11.aux'.

LaTeX Font Info:    Checking defaults for OML/cmm/m/it on input line 84.
LaTeX Font Info:    ... okay on input line 84.
LaTeX Font Info:    Checking defaults for OMS/cmsy/m/n on input line 84.
LaTeX Font Info:    ... okay on input line 84.
LaTeX Font Info:    Checking defaults for OT1/cmr/m/n on input line 84.
LaTeX Font Info:    ... okay on input line 84.
LaTeX Font Info:    Checking defaults for T1/cmr/m/n on input line 84.
LaTeX Font Info:    ... okay on input line 84.
LaTeX Font Info:    Checking defaults for TS1/cmr/m/n on input line 84.
LaTeX Font Info:    ... okay on input line 84.
LaTeX Font Info:    Checking defaults for OMX/cmex/m/n on input line 84.
LaTeX Font Info:    ... okay on input line 84.
LaTeX Font Info:    Checking defaults for U/cmr/m/n on input line 84.
LaTeX Font Info:    ... okay on input line 84.
LaTeX Font Info:    Checking defaults for PD1/pdf/m/n on input line 84.
LaTeX Font Info:    ... okay on input line 84.
LaTeX Font Info:    Checking defaults for PU/pdf/m/n on input line 84.
LaTeX Font Info:    ... okay on input line 84.

*geometry* driver: auto-detecting
*geometry* detected driver: pdftex
*geometry* verbose mode - [ preamble ] result:
* driver: pdftex
* paper: custom
* layout: <same size as paper>
* layoutoffset:(h,v)=(0.0pt,0.0pt)
* modes: includehead includefoot 
* h-part:(L,W,R)=(28.45274pt, 307.28987pt, 28.45274pt)
* v-part:(T,H,B)=(0.0pt, 273.14662pt, 0.0pt)
* \paperwidth=364.19536pt
* \paperheight=273.14662pt
* \textwidth=307.28987pt
* \textheight=244.6939pt
* \oddsidemargin=-43.81725pt
* \evensidemargin=-43.81725pt
* \topmargin=-72.26999pt
* \headheight=14.22636pt
* \headsep=0.0pt
* \topskip=11.0pt
* \footskip=14.22636pt
* \marginparwidth=4.0pt
* \marginparsep=10.0pt
* \columnsep=10.0pt
* \skip\footins=10.0pt plus 4.0pt minus 2.0pt
* \hoffset=0.0pt
* \voffset=0.0pt
* \mag=1000
* \@twocolumnfalse
* \@twosidefalse
* \@mparswitchfalse
* \@reversemarginfalse
* (1in=72.27pt=25.4mm, 1cm=28.453pt)

(/usr/share/texlive/texmf-dist/tex/context/base/mkii/supp-pdf.mkii
[Loading MPS to PDF converter (version 2006.09.02).]
\scratchcounter=\count360
\scratchdimen=\dimen325
\scratchbox=\box137
\nofMPsegments=\count361
\nofMParguments=\count362
\everyMPshowfont=\toks52
\MPscratchCnt=\count363
\MPscratchDim=\dimen326
\MPnumerator=\count364
\makeMPintoPDFobject=\count365
\everyMPtoPDFconversion=\toks53
) (/usr/share/texlive/texmf-dist/tex/latex/epstopdf-pkg/epstopdf-base.sty
Package: epstopdf-base 2020-01-24 v2.11 Base part for package epstopdf

(/usr/share/texlive/texmf-dist/tex/latex/grfext/grfext.sty
Package: grfext 2019/12/03 v1.3 Manage graphics extensions (HO)
)
Package epstopdf-base Info: Redefining graphics rule for `.eps' on input line 4
85.
Package grfext Info: Graphics extension search list:
(grfext)             [.pdf,.png,.jpg,.mps,.jpeg,.jbig2,.jb2,.PDF,.PNG,.JPG,.JPE
G,.JBIG2,.JB2,.eps]
(grfext)             \AppendGraphicsExtensions on input line 504.

(/usr/share/texlive/texmf-dist/tex/latex/latexconfig/epstopdf-sys.cfg
File: epstopdf-sys.cfg 2010/07/13 v1.3 Configuration of (r)epstopdf for TeX Liv
e
))
Package hyperref Info: Link coloring ON on input line 84.

(./Intro_QG_11-11.out) (./Intro_QG_11-11.out)
\@outlinefile=\write5
\openout5 = `Intro_QG_11-11.out'.

LaTeX Font Info:    Overwriting symbol font `operators' in version `normal'
(Font)                  OT1/cmr/m/n --> OT1/cmss/m/n on input line 84.
LaTeX Font Info:    Overwriting symbol font `operators' in version `bold'
(Font)                  OT1/cmr/bx/n --> OT1/cmss/b/n on input line 84.
\symnumbers=\mathgroup11
LaTeX Font Info:    Redeclaring symbol font `pureletters' on input line 84.
LaTeX Font Info:    Encoding `OT1' has changed to `T1' for symbol font
(Font)              `pureletters' in the math version `normal' on input line 84
.
LaTeX Font Info:    Overwriting symbol font `pureletters' in version `normal'
(Font)                  OT1/mathkerncmss/m/sl --> T1/cmss/m/it on input line 84
.
LaTeX Font Info:    Encoding `OT1' has changed to `T1' for symbol font
(Font)              `pureletters' in the math version `bold' on input line 84.
LaTeX Font Info:    Overwriting symbol font `pureletters' in version `bold'
(Font)                  OT1/mathkerncmss/bx/sl --> T1/cmss/m/it on input line 8
4.
LaTeX Font Info:    Overwriting math alphabet `\mathrm' in version `normal'
(Font)                  OT1/cmss/m/n --> T1/cmr/m/n on input line 84.
LaTeX Font Info:    Redeclaring math alphabet \mathbf on input line 84.
LaTeX Font Info:    Redeclaring math alphabet \mathsf on input line 84.
LaTeX Font Info:    Overwriting math alphabet `\mathsf' in version `normal'
(Font)                  OT1/cmss/m/n --> T1/cmss/m/n on input line 84.
LaTeX Font Info:    Overwriting math alphabet `\mathsf' in version `bold'
(Font)                  OT1/cmss/bx/n --> T1/cmss/m/n on input line 84.
LaTeX Font Info:    Redeclaring math alphabet \mathit on input line 84.
LaTeX Font Info:    Overwriting math alphabet `\mathit' in version `normal'
(Font)                  OT1/cmr/m/it --> T1/cmss/m/it on input line 84.
LaTeX Font Info:    Overwriting math alphabet `\mathit' in version `bold'
(Font)                  OT1/cmr/bx/it --> T1/cmss/m/it on input line 84.
LaTeX Font Info:    Redeclaring math alphabet \mathtt on input line 84.
LaTeX Font Info:    Overwriting math alphabet `\mathtt' in version `normal'
(Font)                  OT1/cmtt/m/n --> T1/cmtt/m/n on input line 84.
LaTeX Font Info:    Overwriting math alphabet `\mathtt' in version `bold'
(Font)                  OT1/cmtt/m/n --> T1/cmtt/m/n on input line 84.
LaTeX Font Info:    Overwriting symbol font `numbers' in version `bold'
(Font)                  T1/cmss/m/n --> T1/cmss/b/n on input line 84.
LaTeX Font Info:    Overwriting symbol font `pureletters' in version `bold'
(Font)                  T1/cmss/m/it --> T1/cmss/b/it on input line 84.
LaTeX Font Info:    Overwriting math alphabet `\mathrm' in version `bold'
(Font)                  OT1/cmss/b/n --> T1/cmr/b/n on input line 84.
LaTeX Font Info:    Overwriting math alphabet `\mathbf' in version `bold'
(Font)                  T1/cmss/b/n --> T1/cmss/b/n on input line 84.
LaTeX Font Info:    Overwriting math alphabet `\mathsf' in version `bold'
(Font)                  T1/cmss/m/n --> T1/cmss/b/n on input line 84.
LaTeX Font Info:    Overwriting math alphabet `\mathit' in version `bold'
(Font)                  T1/cmss/m/it --> T1/cmss/b/it on input line 84.
LaTeX Font Info:    Overwriting math alphabet `\mathtt' in version `bold'
(Font)                  T1/cmtt/m/n --> T1/cmtt/b/n on input line 84.
LaTeX Font Info:    Redeclaring symbol font `pureletters' on input line 84.
LaTeX Font Info:    Encoding `T1' has changed to `OT1' for symbol font
(Font)              `pureletters' in the math version `normal' on input line 84
.
LaTeX Font Info:    Overwriting symbol font `pureletters' in version `normal'
(Font)                  T1/cmss/m/it --> OT1/mathkerncmss/m/sl on input line 84
.
LaTeX Font Info:    Encoding `T1' has changed to `OT1' for symbol font
(Font)              `pureletters' in the math version `bold' on input line 84.
LaTeX Font Info:    Overwriting symbol font `pureletters' in version `bold'
(Font)                  T1/cmss/b/it --> OT1/mathkerncmss/m/sl on input line 84
.
LaTeX Font Info:    Overwriting symbol font `pureletters' in version `bold'
(Font)                  OT1/mathkerncmss/m/sl --> OT1/mathkerncmss/bx/sl on inp
ut line 84.

(/usr/share/texlive/texmf-dist/tex/latex/translator/translator-basic-dictionary
-English.dict
Dictionary: translator-basic-dictionary, Language: English 
)
(/usr/share/texlive/texmf-dist/tex/latex/translator/translator-bibliography-dic
tionary-English.dict
Dictionary: translator-bibliography-dictionary, Language: English 
)
(/usr/share/texlive/texmf-dist/tex/latex/translator/translator-environment-dict
ionary-English.dict
Dictionary: translator-environment-dictionary, Language: English 
)
(/usr/share/texlive/texmf-dist/tex/latex/translator/translator-months-dictionar
y-English.dict
Dictionary: translator-months-dictionary, Language: English 
)
(/usr/share/texlive/texmf-dist/tex/latex/translator/translator-numbers-dictiona
ry-English.dict
Dictionary: translator-numbers-dictionary, Language: English 
)
(/usr/share/texlive/texmf-dist/tex/latex/translator/translator-theorem-dictiona
ry-English.dict
Dictionary: translator-theorem-dictionary, Language: English 
) (./Intro_QG_11-11.nav)

Package hyperref Warning: Option `pdfauthor' has already been used,
(hyperref)                setting the option has no effect on input line 87.

<figures/logo_faculte_sciences.png, id=66, 476.78125pt x 106.3975pt>
File: figures/logo_faculte_sciences.png Graphic file (type png)
<use figures/logo_faculte_sciences.png>
Package pdftex.def Info: figures/logo_faculte_sciences.png  used on input line 
116.
(pdftex.def)             Requested size: 56.9055pt x 12.69896pt.
<figures/logo-inrae-fond-blanc.png, id=67, 44.676pt x 11.826pt>
File: figures/logo-inrae-fond-blanc.png Graphic file (type png)
<use figures/logo-inrae-fond-blanc.png>
Package pdftex.def Info: figures/logo-inrae-fond-blanc.png  used on input line 
116.
(pdftex.def)             Requested size: 22.76228pt x 6.0252pt.
<figures/logo_CNRS_biologie.png, id=69, 727.21687pt x 687.31781pt>
File: figures/logo_CNRS_biologie.png Graphic file (type png)
<use figures/logo_CNRS_biologie.png>
Package pdftex.def Info: figures/logo_CNRS_biologie.png  used on input line 116
.
(pdftex.def)             Requested size: 14.22636pt x 13.44511pt.
<figures/logo_agroparistech.png, id=70, 513.92pt x 125.46875pt>
File: figures/logo_agroparistech.png Graphic file (type png)
<use figures/logo_agroparistech.png>
Package pdftex.def Info: figures/logo_agroparistech.png  used on input line 116
.
(pdftex.def)             Requested size: 42.67912pt x 10.41869pt.
[1

{/var/lib/texmf/fonts/map/pdftex/updmap/pdftex.map} <./figures/logo_faculte_sci
ences.png> <./figures/logo-inrae-fond-blanc.png> <./figures/logo_CNRS_biologie.
png> <./figures/logo_agroparistech.png>] (./Intro_QG_11-11.toc)
LaTeX Font Info:    Trying to load font information for U+msa on input line 123
.

(/usr/share/texlive/texmf-dist/tex/latex/amsfonts/umsa.fd
File: umsa.fd 2013/01/14 v3.01 AMS symbols A
)
LaTeX Font Info:    Trying to load font information for U+msb on input line 123
.

(/usr/share/texlive/texmf-dist/tex/latex/amsfonts/umsb.fd
File: umsb.fd 2013/01/14 v3.01 AMS symbols B
)
LaTeX Font Info:    Trying to load font information for OT1+mathkerncmss on inp
ut line 123.

(/usr/share/texlive/texmf-dist/tex/latex/sansmathaccent/ot1mathkerncmss.fd
File: ot1mathkerncmss.fd 2020/01/31 Fontinst v1.933 font definitions for OT1/ma
thkerncmss.
)
[2

] (./Intro_QG_11-11.toc) [3

]
<figures/motivation_1.png, id=133, 1234.6125pt x 856.19875pt>
File: figures/motivation_1.png Graphic file (type png)
<use figures/motivation_1.png>
Package pdftex.def Info: figures/motivation_1.png  used on input line 142.
(pdftex.def)             Requested size: 291.92365pt x 202.44786pt.
 [4

 <./figures/motivation_1.png>]
<figures/motivation_2.png, id=141, 1234.6125pt x 856.19875pt>
File: figures/motivation_2.png Graphic file (type png)
<use figures/motivation_2.png>
Package pdftex.def Info: figures/motivation_2.png  used on input line 156.
(pdftex.def)             Requested size: 291.92365pt x 202.44786pt.
 [5

 <./figures/motivation_2.png>]
File: figures/motivation_2.png Graphic file (type png)
<use figures/motivation_2.png>
Package pdftex.def Info: figures/motivation_2.png  used on input line 169.
(pdftex.def)             Requested size: 291.92365pt x 202.44786pt.
LaTeX Font Info:    Trying to load font information for TS1+cmss on input line 
169.
 (/usr/share/texlive/texmf-dist/tex/latex/base/ts1cmss.fd
File: ts1cmss.fd 2022/07/10 v2.5l Standard LaTeX font definitions
)
[6

]
<figures/yield.png, id=156, 642.4pt x 575.14874pt>
File: figures/yield.png Graphic file (type png)
<use figures/yield.png>
Package pdftex.def Info: figures/yield.png  used on input line 180.
(pdftex.def)             Requested size: 218.19746pt x 195.3549pt.
 [7

 <./figures/yield.png>] (./Intro_QG_11-11.toc) [8

] [9

] [10

] [11

] [12

]
[13

] [14

] [15

] [16

] [17

] (./Intro_QG_11-11.toc) [18

]
<figures/quanti.png, id=258, 423.5022pt x 436.9926pt>
File: figures/quanti.png Graphic file (type png)
<use figures/quanti.png>
Package pdftex.def Info: figures/quanti.png  used on input line 310.
(pdftex.def)             Requested size: 215.09795pt x 221.94975pt.

Underfull \hbox (badness 10000) in paragraph at lines 310--310
[]\T1/cmss/m/n/10 Influencer large-ment par
 []


Overfull \vbox (10.6177pt too high) detected at line 310
 []

[19

 <./figures/quanti.png (PNG copy)>]
File: figures/quanti.png Graphic file (type png)
<use figures/quanti.png>
Package pdftex.def Info: figures/quanti.png  used on input line 310.
(pdftex.def)             Requested size: 215.09795pt x 221.94975pt.

Underfull \hbox (badness 10000) in paragraph at lines 310--310
[]\T1/cmss/m/n/10 Influencer large-ment par
 []


Overfull \vbox (10.6177pt too high) detected at line 310
 []

[20

]
File: figures/quanti.png Graphic file (type png)
<use figures/quanti.png>
Package pdftex.def Info: figures/quanti.png  used on input line 310.
(pdftex.def)             Requested size: 215.09795pt x 221.94975pt.

Underfull \hbox (badness 10000) in paragraph at lines 310--310
[]\T1/cmss/m/n/10 Influencer large-ment par
 []


Overfull \vbox (10.6177pt too high) detected at line 310
 []

[21

]
File: figures/quanti.png Graphic file (type png)
<use figures/quanti.png>
Package pdftex.def Info: figures/quanti.png  used on input line 310.
(pdftex.def)             Requested size: 215.09795pt x 221.94975pt.

Underfull \hbox (badness 10000) in paragraph at lines 310--310
[]\T1/cmss/m/n/10 Influencer large-ment par
 []


Overfull \vbox (10.6177pt too high) detected at line 310
 []

[22

]
File: figures/quanti.png Graphic file (type png)
<use figures/quanti.png>
Package pdftex.def Info: figures/quanti.png  used on input line 310.
(pdftex.def)             Requested size: 215.09795pt x 221.94975pt.

Underfull \hbox (badness 10000) in paragraph at lines 310--310
[]\T1/cmss/m/n/10 Influencer large-ment par
 []

<figures/quali.png, id=286, 423.5022pt x 436.9926pt>
File: figures/quali.png Graphic file (type png)
<use figures/quali.png>
Package pdftex.def Info: figures/quali.png  used on input line 310.
(pdftex.def)             Requested size: 215.09795pt x 221.94975pt.

Overfull \vbox (228.70078pt too high) detected at line 310
 []

[23

 <./figures/quali.png (PNG copy)>]
File: figures/quali.png Graphic file (type png)
<use figures/quali.png>
Package pdftex.def Info: figures/quali.png  used on input line 310.
(pdftex.def)             Requested size: 215.09795pt x 221.94975pt.

Overfull \vbox (10.6177pt too high) detected at line 310
 []

[24

]
File: figures/quali.png Graphic file (type png)
<use figures/quali.png>
Package pdftex.def Info: figures/quali.png  used on input line 310.
(pdftex.def)             Requested size: 215.09795pt x 221.94975pt.

Overfull \vbox (10.6177pt too high) detected at line 310
 []

[25

]
File: figures/quali.png Graphic file (type png)
<use figures/quali.png>
Package pdftex.def Info: figures/quali.png  used on input line 310.
(pdftex.def)             Requested size: 215.09795pt x 221.94975pt.

Overfull \vbox (10.6177pt too high) detected at line 310
 []

[26

]
File: figures/quali.png Graphic file (type png)
<use figures/quali.png>
Package pdftex.def Info: figures/quali.png  used on input line 310.
(pdftex.def)             Requested size: 215.09795pt x 221.94975pt.

Overfull \vbox (10.6177pt too high) detected at line 310
 []

[27

] (./Intro_QG_11-11.toc) [28

] [29

] [30

] [31

] [32

] (./Intro_QG_11-11.toc)
[33

] [34

] [35

] [36

] [37

] (./Intro_QG_11-11.toc) [38

] [39

] [40

] [41

] [42

]
(./Intro_QG_11-11.toc) [43

] [44

] [45

] [46

] [47

] (./Intro_QG_11-11.toc) [48

]
<./figures//model_max_mix_only.png, id=505, 1293.33188pt x 797.22844pt>
File: ./figures//model_max_mix_only.png Graphic file (type png)
<use ./figures//model_max_mix_only.png>
Package pdftex.def Info: ./figures//model_max_mix_only.png  used on input line 
457.
(pdftex.def)             Requested size: 291.91464pt x 179.9404pt.
<./figures//model_max_full.png, id=506, 1293.33188pt x 797.22844pt>
File: ./figures//model_max_full.png Graphic file (type png)
<use ./figures//model_max_full.png>
Package pdftex.def Info: ./figures//model_max_full.png  used on input line 457.

(pdftex.def)             Requested size: 291.91464pt x 179.9404pt.

Underfull \hbox (badness 10000) in paragraph at lines 457--457

 []

<./figures//model_and_example.png, id=507, 1184.17406pt x 855.195pt>
File: ./figures//model_and_example.png Graphic file (type png)
<use ./figures//model_and_example.png>
Package pdftex.def Info: ./figures//model_and_example.png  used on input line 4
57.
(pdftex.def)             Requested size: 291.92305pt x 210.82301pt.
<./figures//Competmagic_3_rangs.png, id=508, 534.99875pt x 803.0pt>
File: ./figures//Competmagic_3_rangs.png Graphic file (type png)
<use ./figures//Competmagic_3_rangs.png>
Package pdftex.def Info: ./figures//Competmagic_3_rangs.png  used on input line
 457.
(pdftex.def)             Requested size: 116.76129pt x 175.25148pt.

Overfull \vbox (166.64307pt too high) detected at line 457
 []

[49

 <./figures//model_max_mix_only.png>]
File: ./figures//model_max_mix_only.png Graphic file (type png)
<use ./figures//model_max_mix_only.png>
Package pdftex.def Info: ./figures//model_max_mix_only.png  used on input line 
457.
(pdftex.def)             Requested size: 291.91464pt x 179.9404pt.
File: ./figures//model_max_full.png Graphic file (type png)
<use ./figures//model_max_full.png>
Package pdftex.def Info: ./figures//model_max_full.png  used on input line 457.

(pdftex.def)             Requested size: 291.91464pt x 179.9404pt.

Underfull \hbox (badness 10000) in paragraph at lines 457--457

 []

File: ./figures//model_and_example.png Graphic file (type png)
<use ./figures//model_and_example.png>
Package pdftex.def Info: ./figures//model_and_example.png  used on input line 4
57.
(pdftex.def)             Requested size: 291.92305pt x 210.82301pt.
File: ./figures//Competmagic_3_rangs.png Graphic file (type png)
<use ./figures//Competmagic_3_rangs.png>
Package pdftex.def Info: ./figures//Competmagic_3_rangs.png  used on input line
 457.
(pdftex.def)             Requested size: 116.76129pt x 175.25148pt.

Overfull \vbox (166.64307pt too high) detected at line 457
 []

[50

 <./figures//model_max_full.png>]
File: ./figures//model_max_mix_only.png Graphic file (type png)
<use ./figures//model_max_mix_only.png>
Package pdftex.def Info: ./figures//model_max_mix_only.png  used on input line 
457.
(pdftex.def)             Requested size: 291.91464pt x 179.9404pt.
File: ./figures//model_max_full.png Graphic file (type png)
<use ./figures//model_max_full.png>
Package pdftex.def Info: ./figures//model_max_full.png  used on input line 457.

(pdftex.def)             Requested size: 291.91464pt x 179.9404pt.

Underfull \hbox (badness 10000) in paragraph at lines 457--457

 []

File: ./figures//model_and_example.png Graphic file (type png)
<use ./figures//model_and_example.png>
Package pdftex.def Info: ./figures//model_and_example.png  used on input line 4
57.
(pdftex.def)             Requested size: 291.92305pt x 210.82301pt.
File: ./figures//Competmagic_3_rangs.png Graphic file (type png)
<use ./figures//Competmagic_3_rangs.png>
Package pdftex.def Info: ./figures//Competmagic_3_rangs.png  used on input line
 457.
(pdftex.def)             Requested size: 116.76129pt x 175.25148pt.

Overfull \vbox (166.64307pt too high) detected at line 457
 []

[51

 <./figures//model_and_example.png>]
File: ./figures//model_max_mix_only.png Graphic file (type png)
<use ./figures//model_max_mix_only.png>
Package pdftex.def Info: ./figures//model_max_mix_only.png  used on input line 
457.
(pdftex.def)             Requested size: 291.91464pt x 179.9404pt.
File: ./figures//model_max_full.png Graphic file (type png)
<use ./figures//model_max_full.png>
Package pdftex.def Info: ./figures//model_max_full.png  used on input line 457.

(pdftex.def)             Requested size: 291.91464pt x 179.9404pt.

Underfull \hbox (badness 10000) in paragraph at lines 457--457

 []

File: ./figures//model_and_example.png Graphic file (type png)
<use ./figures//model_and_example.png>
Package pdftex.def Info: ./figures//model_and_example.png  used on input line 4
57.
(pdftex.def)             Requested size: 291.92305pt x 210.82301pt.
File: ./figures//Competmagic_3_rangs.png Graphic file (type png)
<use ./figures//Competmagic_3_rangs.png>
Package pdftex.def Info: ./figures//Competmagic_3_rangs.png  used on input line
 457.
(pdftex.def)             Requested size: 116.76129pt x 175.25148pt.

Overfull \vbox (166.64307pt too high) detected at line 457
 []

[52

 <./figures//Competmagic_3_rangs.png (PNG copy)>] [53

]
<./figures//biais_var_DBV_SBV.png, id=549, 476.37975pt x 364.36125pt>
File: ./figures//biais_var_DBV_SBV.png Graphic file (type png)
<use ./figures//biais_var_DBV_SBV.png>
Package pdftex.def Info: ./figures//biais_var_DBV_SBV.png  used on input line 5
09.
(pdftex.def)             Requested size: 291.92143pt x 223.27745pt.
<./figures//biais_var_DBVxSBV.png, id=550, 476.37975pt x 364.36125pt>
File: ./figures//biais_var_DBVxSBV.png Graphic file (type png)
<use ./figures//biais_var_DBVxSBV.png>
Package pdftex.def Info: ./figures//biais_var_DBVxSBV.png  used on input line 5
09.
(pdftex.def)             Requested size: 291.92143pt x 223.27745pt.
<./figures//cor_BLUPs.png, id=551, 476.37975pt x 364.36125pt>
File: ./figures//cor_BLUPs.png Graphic file (type png)
<use ./figures//cor_BLUPs.png>
Package pdftex.def Info: ./figures//cor_BLUPs.png  used on input line 509.
(pdftex.def)             Requested size: 291.92143pt x 223.27745pt.
 [54

 <./figures//biais_var_DBV_SBV.png (PNG copy)>]
File: ./figures//biais_var_DBV_SBV.png Graphic file (type png)
<use ./figures//biais_var_DBV_SBV.png>
Package pdftex.def Info: ./figures//biais_var_DBV_SBV.png  used on input line 5
09.
(pdftex.def)             Requested size: 291.92143pt x 223.27745pt.
File: ./figures//biais_var_DBVxSBV.png Graphic file (type png)
<use ./figures//biais_var_DBVxSBV.png>
Package pdftex.def Info: ./figures//biais_var_DBVxSBV.png  used on input line 5
09.
(pdftex.def)             Requested size: 291.92143pt x 223.27745pt.
File: ./figures//cor_BLUPs.png Graphic file (type png)
<use ./figures//cor_BLUPs.png>
Package pdftex.def Info: ./figures//cor_BLUPs.png  used on input line 509.
(pdftex.def)             Requested size: 291.92143pt x 223.27745pt.
 [55

 <./figures//biais_var_DBVxSBV.png (PNG copy)>]
File: ./figures//biais_var_DBV_SBV.png Graphic file (type png)
<use ./figures//biais_var_DBV_SBV.png>
Package pdftex.def Info: ./figures//biais_var_DBV_SBV.png  used on input line 5
09.
(pdftex.def)             Requested size: 291.92143pt x 223.27745pt.
File: ./figures//biais_var_DBVxSBV.png Graphic file (type png)
<use ./figures//biais_var_DBVxSBV.png>
Package pdftex.def Info: ./figures//biais_var_DBVxSBV.png  used on input line 5
09.
(pdftex.def)             Requested size: 291.92143pt x 223.27745pt.
File: ./figures//cor_BLUPs.png Graphic file (type png)
<use ./figures//cor_BLUPs.png>
Package pdftex.def Info: ./figures//cor_BLUPs.png  used on input line 509.
(pdftex.def)             Requested size: 291.92143pt x 223.27745pt.
 [56

 <./figures//cor_BLUPs.png (PNG copy)>] (./Intro_QG_11-11.toc) [57

]
(./Intro_QG_11-11.toc) [58

]
<figures/model_SIGV.png, id=605, 1408.26125pt x 995.72pt>
File: figures/model_SIGV.png Graphic file (type png)
<use figures/model_SIGV.png>
Package pdftex.def Info: figures/model_SIGV.png  used on input line 626.
(pdftex.def)             Requested size: 307.2828pt x 184.4134pt.
 [59

 <./figures/model_SIGV.png (PNG copy)>] [60

]
\openout4 = `Intro_QG_11-11.vrb'.


(./Intro_QG_11-11.vrb
LaTeX Font Info:    Trying to load font information for T1+cmtt on input line 2
2.
 (/usr/share/texlive/texmf-dist/tex/latex/base/t1cmtt.fd
File: t1cmtt.fd 2022/07/10 v2.5l Standard LaTeX font definitions
)) [61

] (./Intro_QG_11-11.vrb) [62

] (./Intro_QG_11-11.vrb) [63

]
(./Intro_QG_11-11.vrb) [64

] (./Intro_QG_11-11.vrb) [65

]
<figures/layout_GWASwp.png, id=659, 867.24pt x 722.7pt>
File: figures/layout_GWASwp.png Graphic file (type png)
<use figures/layout_GWASwp.png>
Package pdftex.def Info: figures/layout_GWASwp.png  used on input line 691.
(pdftex.def)             Requested size: 221.24252pt x 184.36876pt.
 [66

 <./figures/layout_GWASwp.png (PNG copy)>]
<figures/images_essai.png, id=667, 703.62875pt x 381.425pt>
File: figures/images_essai.png Graphic file (type png)
<use figures/images_essai.png>
Package pdftex.def Info: figures/images_essai.png  used on input line 691.
(pdftex.def)             Requested size: 307.28926pt x 166.57619pt.
 [67

 <./figures/images_essai.png>] (./Intro_QG_11-11.toc) [68

]
<figures/dbv.png, id=693, 867.24pt x 578.16pt>
File: figures/dbv.png Graphic file (type png)
<use figures/dbv.png>
Package pdftex.def Info: figures/dbv.png  used on input line 745.
(pdftex.def)             Requested size: 276.55646pt x 184.37097pt.
 [69

 <./figures/dbv.png (PNG copy)>]
<figures/accuracy.png, id=700, 1011.78pt x 867.24pt>
File: figures/accuracy.png Graphic file (type png)
<use figures/accuracy.png>
Package pdftex.def Info: figures/accuracy.png  used on input line 745.
(pdftex.def)             Requested size: 215.08917pt x 184.36215pt.

Underfull \hbox (badness 1515) in paragraph at lines 745--745
\OML/cmm/m/it/10 ^^[[]=^^[[]$ \T1/cmss/m/n/10 in-flu-ence \T1/cmss/bx/n/10 ac-
 []


Underfull \hbox (badness 1178) in paragraph at lines 745--745
[]\T1/cmss/bx/n/10 Inter_only pro-vides the
 []

[70

 <./figures/accuracy.png (PNG copy)>]
File: figures/accuracy.png Graphic file (type png)
<use figures/accuracy.png>
Package pdftex.def Info: figures/accuracy.png  used on input line 745.
(pdftex.def)             Requested size: 215.08917pt x 184.36215pt.

Underfull \hbox (badness 1515) in paragraph at lines 745--745
\OML/cmm/m/it/10 ^^[[]=^^[[]$ \T1/cmss/m/n/10 in-flu-ence \T1/cmss/bx/n/10 ac-
 []


Underfull \hbox (badness 1178) in paragraph at lines 745--745
[]\T1/cmss/bx/n/10 Inter_only pro-vides the
 []

[71

]
File: figures/accuracy.png Graphic file (type png)
<use figures/accuracy.png>
Package pdftex.def Info: figures/accuracy.png  used on input line 745.
(pdftex.def)             Requested size: 215.08917pt x 184.36215pt.

Underfull \hbox (badness 1515) in paragraph at lines 745--745
\OML/cmm/m/it/10 ^^[[]=^^[[]$ \T1/cmss/m/n/10 in-flu-ence \T1/cmss/bx/n/10 ac-
 []


Underfull \hbox (badness 1178) in paragraph at lines 745--745
[]\T1/cmss/bx/n/10 Inter_only pro-vides the
 []

[72

]
File: figures/accuracy.png Graphic file (type png)
<use figures/accuracy.png>
Package pdftex.def Info: figures/accuracy.png  used on input line 745.
(pdftex.def)             Requested size: 215.08917pt x 184.36215pt.

Underfull \hbox (badness 1515) in paragraph at lines 745--745
\OML/cmm/m/it/10 ^^[[]=^^[[]$ \T1/cmss/m/n/10 in-flu-ence \T1/cmss/bx/n/10 ac-
 []


Underfull \hbox (badness 1178) in paragraph at lines 745--745
[]\T1/cmss/bx/n/10 Inter_only pro-vides the
 []

[73

]
<figures/variances.png, id=728, 1471.4975pt x 408.52625pt>
File: figures/variances.png Graphic file (type png)
<use figures/variances.png>
Package pdftex.def Info: figures/variances.png  used on input line 767.
(pdftex.def)             Requested size: 307.2947pt x 85.31305pt.
 [74

 <./figures/variances.png>]
<figures/cor_ds_e.png, id=736, 772.8875pt x 219.82124pt>
File: figures/cor_ds_e.png Graphic file (type png)
<use figures/cor_ds_e.png>
Package pdftex.def Info: figures/cor_ds_e.png  used on input line 787.
(pdftex.def)             Requested size: 307.28618pt x 87.39697pt.
 [75

 <./figures/cor_ds_e.png>]
<figures/meta_gwas.png, id=744, 722.7pt x 433.62pt>
File: figures/meta_gwas.png Graphic file (type png)
<use figures/meta_gwas.png>
Package pdftex.def Info: figures/meta_gwas.png  used on input line 843.
(pdftex.def)             Requested size: 169.00746pt x 101.40446pt.

Underfull \hbox (badness 10000) in paragraph at lines 843--843
[]\T1/cmss/m/n/10 Not de-tected in
 []

[76

 <./figures/meta_gwas.png (PNG copy)>] (./Intro_QG_11-11.toc) [77

] [78

]
[79

] [80

] [81

] [82

] [83

]
\c@finalframe=\count366
<figures/local_score.png, id=806, 867.24pt x 578.16pt>
File: figures/local_score.png Graphic file (type png)
<use figures/local_score.png>
Package pdftex.def Info: figures/local_score.png  used on input line 951.
(pdftex.def)             Requested size: 215.10242pt x 143.4016pt.
 [84

 <./figures/local_score.png (PNG copy)>]
\tf@nav=\write6
\openout6 = `Intro_QG_11-11.nav'.

\tf@toc=\write7
\openout7 = `Intro_QG_11-11.toc'.

\tf@snm=\write8
\openout8 = `Intro_QG_11-11.snm'.


(./Intro_QG_11-11.aux)
Package rerunfilecheck Info: File `Intro_QG_11-11.out' has not changed.
(rerunfilecheck)             Checksum: 691CC702B1DEA6B68CAB93F4C0584952;2190.
 ) 
Here is how much of TeX's memory you used:
 28985 strings out of 476091
 583957 string characters out of 5794080
 1862330 words of memory out of 5000000
 48530 multiletter control sequences out of 15000+600000
 557030 words of font info for 145 fonts, out of 8000000 for 9000
 1141 hyphenation exceptions out of 8191
 128i,15n,122p,410b,861s stack positions out of 10000i,1000n,20000p,200000b,200000s
{/usr/share/texmf/fonts/enc/dvips/cm-super/cm-super-t1.enc}{/usr/share/texmf/
fonts/enc/dvips/cm-super/cm-super-ts1.enc}</usr/share/texlive/texmf-dist/fonts/
type1/public/amsfonts/cm/cmmi10.pfb></usr/share/texlive/texmf-dist/fonts/type1/
public/amsfonts/cm/cmmi8.pfb></usr/share/texlive/texmf-dist/fonts/type1/public/
amsfonts/cm/cmmi9.pfb></usr/share/texlive/texmf-dist/fonts/type1/public/amsfont
s/cm/cmmib10.pfb></usr/share/texlive/texmf-dist/fonts/type1/public/amsfonts/cm/
cmss10.pfb></usr/share/texlive/texmf-dist/fonts/type1/public/amsfonts/cm/cmss8.
pfb></usr/share/texlive/texmf-dist/fonts/type1/public/amsfonts/cm/cmss9.pfb></u
sr/share/texlive/texmf-dist/fonts/type1/public/amsfonts/cm/cmssi10.pfb></usr/sh
are/texlive/texmf-dist/fonts/type1/public/amsfonts/cm/cmssi8.pfb></usr/share/te
xlive/texmf-dist/fonts/type1/public/amsfonts/cm/cmsy10.pfb></usr/share/texlive/
texmf-dist/fonts/type1/public/amsfonts/symbols/msam10.pfb></usr/share/texmf/fon
ts/type1/public/cm-super/sfsi1095.pfb></usr/share/texmf/fonts/type1/public/cm-s
uper/sfso1000.pfb></usr/share/texmf/fonts/type1/public/cm-super/sfss0600.pfb></
usr/share/texmf/fonts/type1/public/cm-super/sfss0700.pfb></usr/share/texmf/font
s/type1/public/cm-super/sfss0800.pfb></usr/share/texmf/fonts/type1/public/cm-su
per/sfss0900.pfb></usr/share/texmf/fonts/type1/public/cm-super/sfss1000.pfb></u
sr/share/texmf/fonts/type1/public/cm-super/sfss1095.pfb></usr/share/texmf/fonts
/type1/public/cm-super/sfss1200.pfb></usr/share/texmf/fonts/type1/public/cm-sup
er/sfsx1000.pfb></usr/share/texmf/fonts/type1/public/cm-super/sfsx1095.pfb></us
r/share/texmf/fonts/type1/public/cm-super/sfsx1440.pfb></usr/share/texmf/fonts/
type1/public/cm-super/sftt1200.pfb>
Output written on Intro_QG_11-11.pdf (84 pages, 6830678 bytes).
PDF statistics:
 962 PDF objects out of 1000 (max. 8388607)
 771 compressed objects within 8 object streams
 182 named destinations out of 1000 (max. 500000)
 290 words of extra memory for PDF output out of 10000 (max. 10000000)

